<?xml version="1.0" encoding="utf-8"?><testsuites><testsuite name="pytest" errors="1" failures="0" skipped="0" tests="1" time="0.524" timestamp="2024-07-01T10:23:37.915155" hostname="varun-linux"><testcase classname="" name="tests.test_main" time="0.000"><error message="collection failure">ImportError while importing test module '/home/varun/Documents/comment_classification/tests/test_main.py'.
Hint: make sure your test modules/packages have valid Python names.
Traceback:
/usr/lib/python3.10/importlib/__init__.py:126: in import_module
    return _bootstrap._gcd_import(name[level:], package, level)
tests/test_main.py:2: in &lt;module&gt;
    from main import app
E   ModuleNotFoundError: No module named 'main'</error></testcase></testsuite></testsuites>